[GIN-debug] [WARNING] Creating an Engine instance with the Logger and Recovery middleware already attached.

[GIN-debug] [WARNING] Running in "debug" mode. Switch to "release" mode in production.
 - using env:	export GIN_MODE=release
 - using code:	gin.SetMode(gin.ReleaseMode)

[GIN-debug] GET    /v1/users/                --> GolangApi/service.FindAllUsers (6 handlers)
[GIN-debug] GET    /v1/users/:id             --> GolangApi/service.FindByUserId (6 handlers)
[GIN-debug] POST   /v1/users/                --> GolangApi/service.PostUser (6 handlers)
[GIN-debug] POST   /v1/users/more            --> GolangApi/service.CreatUserList (6 handlers)
[GIN-debug] PUT    /v1/users/:id             --> GolangApi/service.PutUser (6 handlers)
[GIN-debug] POST   /v1/users/login           --> GolangApi/service.LoginUser (6 handlers)
[GIN-debug] GET    /v1/users/check           --> GolangApi/service.CheckUserSession (6 handlers)
[GIN-debug] DELETE /v1/users/:id             --> GolangApi/service.DeleteUser (7 handlers)
[GIN-debug] GET    /v1/users/logout          --> GolangApi/service.LogoutUser (7 handlers)
[GIN-debug] [WARNING] You trusted all proxies, this is NOT safe. We recommend you to set a value.
Please check https://pkg.go.dev/github.com/gin-gonic/gin#readme-don-t-trust-all-proxies for details.
[GIN-debug] Listening and serving HTTP on :8000
::1 - [2022-11-17 16:34:50.23081 +0800 CST m=+8.377400501] GET /v1/users/check 401 
[GIN] 2022/11/17 - 16:34:50 | 401 |     50.0038ms |             ::1 | GET      "/v1/users/check"
::1 - [2022-11-17 16:34:56.4748285 +0800 CST m=+14.621419001] POST /v1/users/login 200 
[GIN] 2022/11/17 - 16:34:56 | 200 |      2.4771ms |             ::1 | POST     "/v1/users/login"
::1 - [2022-11-17 16:34:59.056748 +0800 CST m=+17.203338501] GET /v1/users/check 200 
[GIN] 2022/11/17 - 16:34:59 | 200 |       997.7µs |             ::1 | GET      "/v1/users/check"
::1 - [2022-11-17 16:35:04.2259123 +0800 CST m=+22.372502801] GET /v1/users/logout 200 
[GIN] 2022/11/17 - 16:35:04 | 200 |       995.8µs |             ::1 | GET      "/v1/users/logout"
::1 - [2022-11-17 16:35:06.2862242 +0800 CST m=+24.432814701] GET /v1/users/check 401 
[GIN] 2022/11/17 - 16:35:06 | 401 |       537.6µs |             ::1 | GET      "/v1/users/check"
